INFO     - 2024-02-07 18:29:30. Расстановка 8-и ферзей, чтобы они не били друг друга:

Расстановка 1:
   1  2  3  4  5  6  7  8
1 __ FF __ __ __ __ __ __
2 __ __ __ FF __ __ __ __
3 __ __ __ __ __ FF __ __
4 __ __ __ __ __ __ __ FF
5 __ __ FF __ __ __ __ __
6 FF __ __ __ __ __ __ __
7 __ __ __ __ __ __ FF __
8 __ __ __ __ FF __ __ __

INFO     - 2024-02-07 18:29:44. Расстановка 8-и ферзей, чтобы они не били друг друга:

Расстановка 1:
   1  2  3  4  5  6  7  8
1 __ __ __ FF __ __ __ __
2 FF __ __ __ __ __ __ __
3 __ __ __ __ FF __ __ __
4 __ __ __ __ __ __ __ FF
5 __ __ __ __ __ FF __ __
6 __ __ FF __ __ __ __ __
7 __ __ __ __ __ __ FF __
8 __ FF __ __ __ __ __ __

INFO     - 2024-02-07 18:31:49. Расстановка 8-и ферзей, чтобы они не били друг друга:

Расстановка 1:
   1  2  3  4  5  6  7  8
1 __ __ __ FF __ __ __ __
2 __ __ __ __ __ __ FF __
3 __ __ __ __ FF __ __ __
4 __ __ FF __ __ __ __ __
5 FF __ __ __ __ __ __ __
6 __ __ __ __ __ FF __ __
7 __ __ __ __ __ __ __ FF
8 __ FF __ __ __ __ __ __

